# JRE version: Java(TM) SE Runtime Environment (21.0.5+9) (build 21.0.5+9-LTS-239)
# Java VM: Java HotSpot(TM) 64-Bit Server VM (21.0.5+9-LTS-239, mixed mode, emulated-client, sharing, tiered, compressed oops, compressed class ptrs, g1 gc, windows-amd64)
GC Precious Log:
 CardTable entry size: 512
 Card Set container configuration: InlinePtr #cards 5 size 8 Array Of Cards #cards 12 size 40 Howl #buckets 4 coarsen threshold 1843 Howl Bitmap #cards 512 size 80 coarsen threshold 460 Card regions per heap region 1 cards per card region 2048
 CPUs: 4 total, 4 available
 Memory: 4007M
 Large Page Support: Disabled
 NUMA Support: Disabled
 Compressed Oops: Enabled (32-bit)
 Heap Region Size: 1M
 Heap Min Capacity: 8M
 Heap Initial Capacity: 64M
 Heap Max Capacity: 1002M
 Pre-touch: Disabled
 Parallel Workers: 4
 Concurrent Workers: 1
 Concurrent Refinement Workers: 4
 Periodic GC: Disabled
Heap:
 garbage-first heap   total 65536K, used 35651K [0x00000000c1600000, 0x0000000100000000)
  region size 1024K, 28 young (28672K), 3 survivors (3072K)
 Metaspace       used 18744K, committed 19072K, reserved 1114112K
  class space    used 2458K, committed 2624K, reserved 1048576K
GC Heap History (6 events):
Event: 2.202 GC heap before
{Heap before GC invocations=0 (full 0):
 garbage-first heap   total 65536K, used 14336K [0x00000000c1600000, 0x0000000100000000)
  region size 1024K, 13 young (13312K), 0 survivors (0K)
 Metaspace       used 3575K, committed 3712K, reserved 1114112K
  class space    used 399K, committed 448K, reserved 1048576K
}
Event: 2.218 GC heap after
{Heap after GC invocations=1 (full 0):
 garbage-first heap   total 65536K, used 8896K [0x00000000c1600000, 0x0000000100000000)
  region size 1024K, 2 young (2048K), 2 survivors (2048K)
 Metaspace       used 3575K, committed 3712K, reserved 1114112K
  class space    used 399K, committed 448K, reserved 1048576K
}
Event: 3.018 GC heap before
{Heap before GC invocations=1 (full 0):
 garbage-first heap   total 65536K, used 17088K [0x00000000c1600000, 0x0000000100000000)
  region size 1024K, 11 young (11264K), 2 survivors (2048K)
 Metaspace       used 7071K, committed 7424K, reserved 1114112K
  class space    used 847K, committed 1024K, reserved 1048576K
}
Event: 3.028 GC heap after
{Heap after GC invocations=2 (full 0):
 garbage-first heap   total 65536K, used 10163K [0x00000000c1600000, 0x0000000100000000)
  region size 1024K, 2 young (2048K), 2 survivors (2048K)
 Metaspace       used 7071K, committed 7424K, reserved 1114112K
  class space    used 847K, committed 1024K, reserved 1048576K
}
Event: 7.172 GC heap before
{Heap before GC invocations=2 (full 0):
 garbage-first heap   total 65536K, used 34739K [0x00000000c1600000, 0x0000000100000000)
  region size 1024K, 27 young (27648K), 2 survivors (2048K)
 Metaspace       used 13080K, committed 13440K, reserved 1114112K
  class space    used 1752K, committed 1920K, reserved 1048576K
}
Event: 7.182 GC heap after
{Heap after GC invocations=3 (full 0):
 garbage-first heap   total 65536K, used 12099K [0x00000000c1600000, 0x0000000100000000)
  region size 1024K, 3 young (3072K), 3 survivors (3072K)
 Metaspace       used 13080K, committed 13440K, reserved 1114112K
  class space    used 1752K, committed 1920K, reserved 1048576K
}

