# JRE version: Java(TM) SE Runtime Environment (21.0.5+9) (build 21.0.5+9-LTS-239)
# Java VM: Java HotSpot(TM) 64-Bit Server VM (21.0.5+9-LTS-239, mixed mode, emulated-client, sharing, tiered, compressed oops, compressed class ptrs, g1 gc, windows-amd64)
GC Precious Log:
 CardTable entry size: 512
 Card Set container configuration: InlinePtr #cards 5 size 8 Array Of Cards #cards 12 size 40 Howl #buckets 4 coarsen threshold 1843 Howl Bitmap #cards 512 size 80 coarsen threshold 460 Card regions per heap region 1 cards per card region 2048
 CPUs: 4 total, 4 available
 Memory: 4007M
 Large Page Support: Disabled
 NUMA Support: Disabled
 Compressed Oops: Enabled (32-bit)
 Heap Region Size: 1M
 Heap Min Capacity: 8M
 Heap Initial Capacity: 64M
 Heap Max Capacity: 1002M
 Pre-touch: Disabled
 Parallel Workers: 4
 Concurrent Workers: 1
 Concurrent Refinement Workers: 4
 Periodic GC: Disabled
Heap:
 garbage-first heap   total 65536K, used 23227K [0x00000000c1600000, 0x0000000100000000)
  region size 1024K, 16 young (16384K), 3 survivors (3072K)
 Metaspace       used 15803K, committed 16128K, reserved 1114112K
  class space    used 2075K, committed 2240K, reserved 1048576K
GC Heap History (6 events):
Event: 3.773 GC heap before
{Heap before GC invocations=0 (full 0):
 garbage-first heap   total 65536K, used 14336K [0x00000000c1600000, 0x0000000100000000)
  region size 1024K, 13 young (13312K), 0 survivors (0K)
 Metaspace       used 3580K, committed 3712K, reserved 1114112K
  class space    used 400K, committed 448K, reserved 1048576K
}
Event: 3.983 GC heap after
{Heap after GC invocations=1 (full 0):
 garbage-first heap   total 65536K, used 9216K [0x00000000c1600000, 0x0000000100000000)
  region size 1024K, 2 young (2048K), 2 survivors (2048K)
 Metaspace       used 3580K, committed 3712K, reserved 1114112K
  class space    used 400K, committed 448K, reserved 1048576K
}
Event: 5.568 GC heap before
{Heap before GC invocations=1 (full 0):
 garbage-first heap   total 65536K, used 18432K [0x00000000c1600000, 0x0000000100000000)
  region size 1024K, 11 young (11264K), 2 survivors (2048K)
 Metaspace       used 7172K, committed 7488K, reserved 1114112K
  class space    used 864K, committed 1024K, reserved 1048576K
}
Event: 5.576 GC heap after
{Heap after GC invocations=2 (full 0):
 garbage-first heap   total 65536K, used 10119K [0x00000000c1600000, 0x0000000100000000)
  region size 1024K, 2 young (2048K), 2 survivors (2048K)
 Metaspace       used 7172K, committed 7488K, reserved 1114112K
  class space    used 864K, committed 1024K, reserved 1048576K
}
Event: 9.236 GC heap before
{Heap before GC invocations=2 (full 0):
 garbage-first heap   total 65536K, used 34695K [0x00000000c1600000, 0x0000000100000000)
  region size 1024K, 27 young (27648K), 2 survivors (2048K)
 Metaspace       used 13151K, committed 13568K, reserved 1114112K
  class space    used 1764K, committed 1984K, reserved 1048576K
}
Event: 9.245 GC heap after
{Heap after GC invocations=3 (full 0):
 garbage-first heap   total 65536K, used 11963K [0x00000000c1600000, 0x0000000100000000)
  region size 1024K, 3 young (3072K), 3 survivors (3072K)
 Metaspace       used 13151K, committed 13568K, reserved 1114112K
  class space    used 1764K, committed 1984K, reserved 1048576K
}

